<?xml version="1.0" encoding="UTF-8"?><testsuite errors="0" failures="0" name="Buyer cabin inward and outward suite" skipped="2" tests="4" time="96.48" timestamp="2019-01-25 08:58:20"><testcase name="User login with valid credentials"/><testcase name="User moves stone pending to Active client tab"/><testcase name="User try to move stone Active client to rejected"><compromised message="Expected condition failed: waiting for AppointmnetStockInwardOutward.selectParty to be displayed (tried for 30 second(s) with 100 milliseconds interval)&#10;Build info: version: '3.10.0', revision: '176b4a9', time: '2018-03-02T19:03:16.397Z'&#10;System info: host: 'SRKSUR5093LT', ip: '10.240.0.166', os.name: 'Windows 10', os.arch: 'amd64', os.version: '10.0', java.version: '1.8.0_181'&#10;Driver info: driver.version: unknown&#10;For documentation on this error, please visit: http://seleniumhq.org/exceptions/no_such_element.html&#10;Build info: version: '3.10.0', revision: '176b4a9', time: '2018-03-02T19:03:16.397Z'&#10;System info: host: 'SRKSUR5093LT', ip: '10.240.0.166', os.name: 'Windows 10', os.arch: 'amd64', os.version: '10.0', java.version: '1.8.0_181'&#10;Driver info: driver.version: unknown" type="org.openqa.selenium.NoSuchElementException">Expected condition failed: waiting for AppointmnetStockInwardOutward.selectParty to be displayed (tried for 30 second(s) with 100 milliseconds interval)
Build info: version: '3.10.0', revision: '176b4a9', time: '2018-03-02T19:03:16.397Z'
System info: host: 'SRKSUR5093LT', ip: '10.240.0.166', os.name: 'Windows 10', os.arch: 'amd64', os.version: '10.0', java.version: '1.8.0_181'
Driver info: driver.version: unknown
For documentation on this error, please visit: http://seleniumhq.org/exceptions/no_such_element.html
Build info: version: '3.10.0', revision: '176b4a9', time: '2018-03-02T19:03:16.397Z'
System info: host: 'SRKSUR5093LT', ip: '10.240.0.166', os.name: 'Windows 10', os.arch: 'amd64', os.version: '10.0', java.version: '1.8.0_181'
Driver info: driver.version: unknown</compromised><system-err>Expected condition failed: waiting for AppointmnetStockInwardOutward.selectParty to be displayed (tried for 30 second(s) with 100 milliseconds interval)
Build info: version: '3.10.0', revision: '176b4a9', time: '2018-03-02T19:03:16.397Z'
System info: host: 'SRKSUR5093LT', ip: '10.240.0.166', os.name: 'Windows 10', os.arch: 'amd64', os.version: '10.0', java.version: '1.8.0_181'
Driver info: driver.version: unknown
For documentation on this error, please visit: http://seleniumhq.org/exceptions/no_such_element.html
Build info: version: '3.10.0', revision: '176b4a9', time: '2018-03-02T19:03:16.397Z'
System info: host: 'SRKSUR5093LT', ip: '10.240.0.166', os.name: 'Windows 10', os.arch: 'amd64', os.version: '10.0', java.version: '1.8.0_181'
Driver info: driver.version: unknown&#13;
com.srkaycg.ims.ui.AppointmnetStockInwardOutward.selectsPartyFromAppointmentStockInward(AppointmnetStockInwardOutward.java:86)&#13;
com.srkaycg.ims.stepdefs.AppointmnetStockInwardOutwardStepDef.party(AppointmnetStockInwardOutwardStepDef.java:43)&#13;
✽.User select party in appointment stock inward(src/test/resources/features/appointment_stock_inward_outward.feature:70)&#13;
</system-err></testcase><testcase name="User takes inward"><compromised message="Expected condition failed: waiting for AppointmnetStockInwardOutward.stoneIdBarcode to be displayed (tried for 30 second(s) with 100 milliseconds interval)&#10;Build info: version: '3.10.0', revision: '176b4a9', time: '2018-03-02T19:03:16.397Z'&#10;System info: host: 'SRKSUR5093LT', ip: '10.240.0.166', os.name: 'Windows 10', os.arch: 'amd64', os.version: '10.0', java.version: '1.8.0_181'&#10;Driver info: driver.version: unknown&#10;For documentation on this error, please visit: http://seleniumhq.org/exceptions/no_such_element.html&#10;Build info: version: '3.10.0', revision: '176b4a9', time: '2018-03-02T19:03:16.397Z'&#10;System info: host: 'SRKSUR5093LT', ip: '10.240.0.166', os.name: 'Windows 10', os.arch: 'amd64', os.version: '10.0', java.version: '1.8.0_181'&#10;Driver info: driver.version: unknown" type="org.openqa.selenium.NoSuchElementException">Expected condition failed: waiting for AppointmnetStockInwardOutward.stoneIdBarcode to be displayed (tried for 30 second(s) with 100 milliseconds interval)
Build info: version: '3.10.0', revision: '176b4a9', time: '2018-03-02T19:03:16.397Z'
System info: host: 'SRKSUR5093LT', ip: '10.240.0.166', os.name: 'Windows 10', os.arch: 'amd64', os.version: '10.0', java.version: '1.8.0_181'
Driver info: driver.version: unknown
For documentation on this error, please visit: http://seleniumhq.org/exceptions/no_such_element.html
Build info: version: '3.10.0', revision: '176b4a9', time: '2018-03-02T19:03:16.397Z'
System info: host: 'SRKSUR5093LT', ip: '10.240.0.166', os.name: 'Windows 10', os.arch: 'amd64', os.version: '10.0', java.version: '1.8.0_181'
Driver info: driver.version: unknown</compromised><system-err>Expected condition failed: waiting for AppointmnetStockInwardOutward.stoneIdBarcode to be displayed (tried for 30 second(s) with 100 milliseconds interval)
Build info: version: '3.10.0', revision: '176b4a9', time: '2018-03-02T19:03:16.397Z'
System info: host: 'SRKSUR5093LT', ip: '10.240.0.166', os.name: 'Windows 10', os.arch: 'amd64', os.version: '10.0', java.version: '1.8.0_181'
Driver info: driver.version: unknown
For documentation on this error, please visit: http://seleniumhq.org/exceptions/no_such_element.html
Build info: version: '3.10.0', revision: '176b4a9', time: '2018-03-02T19:03:16.397Z'
System info: host: 'SRKSUR5093LT', ip: '10.240.0.166', os.name: 'Windows 10', os.arch: 'amd64', os.version: '10.0', java.version: '1.8.0_181'
Driver info: driver.version: unknown&#13;
com.srkaycg.ims.ui.AppointmnetStockInwardOutward.entersStoneId(AppointmnetStockInwardOutward.java:106)&#13;
com.srkaycg.ims.stepdefs.AppointmnetStockInwardOutwardStepDef.stoneId(AppointmnetStockInwardOutwardStepDef.java:58)&#13;
✽.User enters stone id buyerCabinActiveClientPositiveTestCase03(src/test/resources/features/appointment_stock_inward_outward.feature:84)&#13;
</system-err></testcase></testsuite>