<?xml version="1.0" encoding="UTF-8"?><testsuite errors="1" failures="2" name="Generate book Appointment test suit" skipped="0" tests="22" time="238.23" timestamp="2019-01-21 12:25:51"><testcase name="User login with valid credentials"/><testcase name="User save book appointment without select company name"/><testcase name="User save book appointment without select contact person"/><testcase name="User goes to book appointment tab without select allotted cabin"/><testcase name="User save book appointment tab without select chair"/><testcase name="User save book appointment without select stoneID"/><testcase name="User save book appointment"><failure message="expected:&lt;[Appointment stored successfully]&gt; but was:&lt;[Sorry, this slot is not avialble]&gt;" type="java.lang.AssertionError">expected:&lt;[Appointment stored successfully]&gt; but was:&lt;[Sorry, this slot is not avialble]&gt;</failure><system-err>expected:&lt;[Appointment stored successfully]&gt; but was:&lt;[Sorry, this slot is not avialble]&gt;&#13;
com.srkaycg.ims.stepdefs.CommonStepdef.assertGrowlMessage(CommonStepdef.java:56)&#13;
✽.User gets growl message for appointment : getMessage for appointmentPositiveTestCase01(src/test/resources/features/appointment.feature:133)&#13;
</system-err></testcase><testcase name="User shows book appointment in calendar and edits record in calendar"/><testcase name="User can see requested stone and hold that stone"/><testcase name="User can see available stone and hold that stone"/><testcase name="User can see not available stone and hold that stone"/><testcase name="User can see confirm stone in live status and also hold that stone"/><testcase name="User can see To be decided in live status and also hold that stone"/><testcase name="User can see viewed stone in live status and also hold that stone"/><testcase name="User can see on table stone in live status and also hold that stone"/><testcase name="User can see pending stone in live status and also hold that stone"/><testcase name="User can see waiting stone in live status and also hold that stone"/><testcase name="User can see hold stone in live status and also hold that stone"/><testcase name="User save appointment without adds comment,feedback,KAM remarks in updated book appointment"/><testcase name="User adds comment,feedback,KAM remarks in updated book appointment"/><testcase name="User save book appointment"><failure message="expected:&lt;[Appointment stored successfully]&gt; but was:&lt;[Sorry, this slot is not avialble]&gt;" type="java.lang.AssertionError">expected:&lt;[Appointment stored successfully]&gt; but was:&lt;[Sorry, this slot is not avialble]&gt;</failure><system-err>expected:&lt;[Appointment stored successfully]&gt; but was:&lt;[Sorry, this slot is not avialble]&gt;&#13;
com.srkaycg.ims.stepdefs.CommonStepdef.assertGrowlMessage(CommonStepdef.java:56)&#13;
✽.User gets growl message for appointment : getMessage for appointmentPositiveTestCaseForNewAppointment01(src/test/resources/features/appointment.feature:274)&#13;
</system-err></testcase><testcase name="User close book appoitnment"><error message="Expected condition failed: waiting for Appointment.vrBtn to be displayed (tried for 30 second(s) with 100 milliseconds interval)&#10;Build info: version: '3.10.0', revision: '176b4a9', time: '2018-03-02T19:03:16.397Z'&#10;System info: host: 'SRKSUR5093LT', ip: '10.240.0.166', os.name: 'Windows 10', os.arch: 'amd64', os.version: '10.0', java.version: '1.8.0_181'&#10;Driver info: driver.version: unknown&#10;Build info: version: '3.10.0', revision: '176b4a9', time: '2018-03-02T19:03:16.397Z'&#10;System info: host: 'SRKSUR5093LT', ip: '10.240.0.166', os.name: 'Windows 10', os.arch: 'amd64', os.version: '10.0', java.version: '1.8.0_181'&#10;Driver info: driver.version: unknown" type="org.openqa.selenium.TimeoutException">Expected condition failed: waiting for Appointment.vrBtn to be displayed (tried for 30 second(s) with 100 milliseconds interval)
Build info: version: '3.10.0', revision: '176b4a9', time: '2018-03-02T19:03:16.397Z'
System info: host: 'SRKSUR5093LT', ip: '10.240.0.166', os.name: 'Windows 10', os.arch: 'amd64', os.version: '10.0', java.version: '1.8.0_181'
Driver info: driver.version: unknown
Build info: version: '3.10.0', revision: '176b4a9', time: '2018-03-02T19:03:16.397Z'
System info: host: 'SRKSUR5093LT', ip: '10.240.0.166', os.name: 'Windows 10', os.arch: 'amd64', os.version: '10.0', java.version: '1.8.0_181'
Driver info: driver.version: unknown</error><system-err>Expected condition failed: waiting for Appointment.vrBtn to be displayed (tried for 30 second(s) with 100 milliseconds interval)
Build info: version: '3.10.0', revision: '176b4a9', time: '2018-03-02T19:03:16.397Z'
System info: host: 'SRKSUR5093LT', ip: '10.240.0.166', os.name: 'Windows 10', os.arch: 'amd64', os.version: '10.0', java.version: '1.8.0_181'
Driver info: driver.version: unknown
Build info: version: '3.10.0', revision: '176b4a9', time: '2018-03-02T19:03:16.397Z'
System info: host: 'SRKSUR5093LT', ip: '10.240.0.166', os.name: 'Windows 10', os.arch: 'amd64', os.version: '10.0', java.version: '1.8.0_181'
Driver info: driver.version: unknown&#13;
com.srkaycg.ims.ui.Appointment.closeVR(Appointment.java:729)&#13;
com.srkaycg.ims.stepdefs.AppointmentStepDef.closeVRButton(AppointmentStepDef.java:366)&#13;
cucumber.runner.Runner.runPickle(Runner.java:80)&#13;
</system-err></testcase></testsuite>